{"numFailedTestSuites":0,"numFailedTests":0,"numPassedTestSuites":1,"numPassedTests":24,"numPendingTestSuites":0,"numPendingTests":0,"numRuntimeErrorTestSuites":0,"numTodoTests":0,"numTotalTestSuites":1,"numTotalTests":24,"openHandles":[],"snapshot":{"added":0,"didUpdate":false,"failure":false,"filesAdded":0,"filesRemoved":0,"filesRemovedList":[],"filesUnmatched":0,"filesUpdated":0,"matched":0,"total":0,"unchecked":0,"uncheckedKeysByFile":[],"unmatched":0,"updated":0},"startTime":1778661805694,"success":true,"testResults":[{"assertionResults":[{"ancestorTitles":["POST /api/categories"],"duration":6,"failureDetails":[],"failureMessages":[],"fullName":"POST /api/categories 미인증 → 401","invocations":1,"location":null,"numPassingAsserts":1,"retryReasons":[],"status":"passed","title":"미인증 → 401"},{"ancestorTitles":["POST /api/categories"],"duration":7,"failureDetails":[],"failureMessages":[],"fullName":"POST /api/categories 개인 카테고리 생성 성공 → 201, categoryId 존재","invocations":1,"location":null,"numPassingAsserts":4,"retryReasons":[],"status":"passed","title":"개인 카테고리 생성 성공 → 201, categoryId 존재"},{"ancestorTitles":["POST /api/categories"],"duration":5,"failureDetails":[],"failureMessages":[],"fullName":"POST /api/categories 색상 없이 생성 → 201, color=null","invocations":1,"location":null,"numPassingAsserts":2,"retryReasons":[],"status":"passed","title":"색상 없이 생성 → 201, color=null"},{"ancestorTitles":["POST /api/categories"],"duration":4,"failureDetails":[],"failureMessages":[],"fullName":"POST /api/categories CAT-004: 잘못된 색상 형식 (#RGB) → 400","invocations":1,"location":null,"numPassingAsserts":1,"retryReasons":[],"status":"passed","title":"CAT-004: 잘못된 색상 형식 (#RGB) → 400"},{"ancestorTitles":["POST /api/categories"],"duration":4,"failureDetails":[],"failureMessages":[],"fullName":"POST /api/categories CAT-004: 잘못된 색상 형식 ('red') → 400","invocations":1,"location":null,"numPassingAsserts":1,"retryReasons":[],"status":"passed","title":"CAT-004: 잘못된 색상 형식 ('red') → 400"},{"ancestorTitles":["POST /api/categories"],"duration":5,"failureDetails":[],"failureMessages":[],"fullName":"POST /api/categories 올바른 색상 (#AABBCC) → 201","invocations":1,"location":null,"numPassingAsserts":2,"retryReasons":[],"status":"passed","title":"올바른 색상 (#AABBCC) → 201"},{"ancestorTitles":["POST /api/categories"],"duration":10,"failureDetails":[],"failureMessages":[],"fullName":"POST /api/categories CAT-001: 동일 소유자 중복 이름 → 409","invocations":1,"location":null,"numPassingAsserts":1,"retryReasons":[],"status":"passed","title":"CAT-001: 동일 소유자 중복 이름 → 409"},{"ancestorTitles":["POST /api/categories"],"duration":54,"failureDetails":[],"failureMessages":[],"fullName":"POST /api/categories 팀 카테고리 생성 (ADMIN) → 201","invocations":1,"location":null,"numPassingAsserts":4,"retryReasons":[],"status":"passed","title":"팀 카테고리 생성 (ADMIN) → 201"},{"ancestorTitles":["POST /api/categories"],"duration":3,"failureDetails":[],"failureMessages":[],"fullName":"POST /api/categories 팀 카테고리 생성 (MEMBER) → 403","invocations":1,"location":null,"numPassingAsserts":1,"retryReasons":[],"status":"passed","title":"팀 카테고리 생성 (MEMBER) → 403"},{"ancestorTitles":["POST /api/categories"],"duration":4,"failureDetails":[],"failureMessages":[],"fullName":"POST /api/categories 팀 카테고리 생성 (VIEWER) → 403","invocations":1,"location":null,"numPassingAsserts":1,"retryReasons":[],"status":"passed","title":"팀 카테고리 생성 (VIEWER) → 403"},{"ancestorTitles":["GET /api/categories"],"duration":3,"failureDetails":[],"failureMessages":[],"fullName":"GET /api/categories 미인증 → 401","invocations":1,"location":null,"numPassingAsserts":1,"retryReasons":[],"status":"passed","title":"미인증 → 401"},{"ancestorTitles":["GET /api/categories"],"duration":10,"failureDetails":[],"failureMessages":[],"fullName":"GET /api/categories 개인 카테고리만 있을 때 → 200, 해당 카테고리 포함","invocations":1,"location":null,"numPassingAsserts":4,"retryReasons":[],"status":"passed","title":"개인 카테고리만 있을 때 → 200, 해당 카테고리 포함"},{"ancestorTitles":["GET /api/categories"],"duration":8,"failureDetails":[],"failureMessages":[],"fullName":"GET /api/categories user2 카테고리는 user1 목록에 미포함 (격리 검증)","invocations":1,"location":null,"numPassingAsserts":3,"retryReasons":[],"status":"passed","title":"user2 카테고리는 user1 목록에 미포함 (격리 검증)"},{"ancestorTitles":["PATCH /api/categories/:id"],"duration":3,"failureDetails":[],"failureMessages":[],"fullName":"PATCH /api/categories/:id 미인증 → 401","invocations":1,"location":null,"numPassingAsserts":1,"retryReasons":[],"status":"passed","title":"미인증 → 401"},{"ancestorTitles":["PATCH /api/categories/:id"],"duration":5,"failureDetails":[],"failureMessages":[],"fullName":"PATCH /api/categories/:id 본인 카테고리 수정 → 200, name 변경됨","invocations":1,"location":null,"numPassingAsserts":2,"retryReasons":[],"status":"passed","title":"본인 카테고리 수정 → 200, name 변경됨"},{"ancestorTitles":["PATCH /api/categories/:id"],"duration":3,"failureDetails":[],"failureMessages":[],"fullName":"PATCH /api/categories/:id 다른 사용자 카테고리 수정 → 403","invocations":1,"location":null,"numPassingAsserts":1,"retryReasons":[],"status":"passed","title":"다른 사용자 카테고리 수정 → 403"},{"ancestorTitles":["PATCH /api/categories/:id"],"duration":5,"failureDetails":[],"failureMessages":[],"fullName":"PATCH /api/categories/:id 팀 카테고리 수정 (ADMIN) → 200","invocations":1,"location":null,"numPassingAsserts":2,"retryReasons":[],"status":"passed","title":"팀 카테고리 수정 (ADMIN) → 200"},{"ancestorTitles":["PATCH /api/categories/:id"],"duration":4,"failureDetails":[],"failureMessages":[],"fullName":"PATCH /api/categories/:id 팀 카테고리 수정 (MEMBER) → 403","invocations":1,"location":null,"numPassingAsserts":1,"retryReasons":[],"status":"passed","title":"팀 카테고리 수정 (MEMBER) → 403"},{"ancestorTitles":["DELETE /api/categories/:id"],"duration":4,"failureDetails":[],"failureMessages":[],"fullName":"DELETE /api/categories/:id 미인증 → 401","invocations":1,"location":null,"numPassingAsserts":1,"retryReasons":[],"status":"passed","title":"미인증 → 401"},{"ancestorTitles":["DELETE /api/categories/:id"],"duration":6,"failureDetails":[],"failureMessages":[],"fullName":"DELETE /api/categories/:id 본인 카테고리 삭제 → 204","invocations":1,"location":null,"numPassingAsserts":1,"retryReasons":[],"status":"passed","title":"본인 카테고리 삭제 → 204"},{"ancestorTitles":["DELETE /api/categories/:id"],"duration":15,"failureDetails":[],"failureMessages":[],"fullName":"DELETE /api/categories/:id CAT-002: 삭제 후 해당 todos.category_id → NULL","invocations":1,"location":null,"numPassingAsserts":5,"retryReasons":[],"status":"passed","title":"CAT-002: 삭제 후 해당 todos.category_id → NULL"},{"ancestorTitles":["DELETE /api/categories/:id"],"duration":3,"failureDetails":[],"failureMessages":[],"fullName":"DELETE /api/categories/:id 다른 사용자 카테고리 삭제 → 403","invocations":1,"location":null,"numPassingAsserts":1,"retryReasons":[],"status":"passed","title":"다른 사용자 카테고리 삭제 → 403"},{"ancestorTitles":["DELETE /api/categories/:id"],"duration":4,"failureDetails":[],"failureMessages":[],"fullName":"DELETE /api/categories/:id 팀 카테고리 삭제 (ADMIN) → 204","invocations":1,"location":null,"numPassingAsserts":1,"retryReasons":[],"status":"passed","title":"팀 카테고리 삭제 (ADMIN) → 204"},{"ancestorTitles":["DELETE /api/categories/:id"],"duration":5,"failureDetails":[],"failureMessages":[],"fullName":"DELETE /api/categories/:id 팀 카테고리 삭제 (VIEWER) → 403","invocations":1,"location":null,"numPassingAsserts":1,"retryReasons":[],"status":"passed","title":"팀 카테고리 삭제 (VIEWER) → 403"}],"endTime":1778661809084,"message":"","name":"C:\\Users\\student\\_vibe\\todolist-app\\backend\\tests\\integration\\category\\category.test.js","startTime":1778661805755,"status":"passed","summary":""}],"wasInterrupted":false}
